-------------------------------------------------------------------------------
Initialization, inputs
**********************
  silent = False
  write_geo_file = True
  file_name = None
  show_states = False
  restraints = None
  restraints_directory = None
  output_file_name_prefix = None
  directory = None
  job_title = None
  fix_rotamer_outliers = True
  allow_allowed_rotamers = True
  stop_for_unknowns = True
  pdb_interpretation {
    restraints_library {
      cdl = True
      omega_cdl = False
      rdl = False
      hpdl = False
    }
    sort_atoms = True
    superpose_ideal_ligand = *None all SF4 F3S DVT
    flip_symmetric_amino_acids = False
    disable_uc_volume_vs_n_atoms_check = False
    correct_hydrogens = True
    secondary_structure {
      protein {
        enabled = True
        search_method = *ksdssp mmtbx_dssp from_ca cablam
        distance_ideal_n_o = 2.9
        distance_cut_n_o = 3.5
        remove_outliers = True
        restrain_hbond_angles = True
        helix {
          serial_number = None
          helix_identifier = None
          enabled = True
          selection = None
          helix_type = *alpha pi 3_10 unknown
          sigma = 0.05
          slack = 0
          top_out = False
          hbond {
            donor = None
            acceptor = None
          }
        }
        sheet {
          enabled = True
          first_strand = None
          sheet_id = None
          strand {
            selection = None
            sense = parallel antiparallel *unknown
            bond_start_current = None
            bond_start_previous = None
          }
          sigma = 0.05
          slack = 0
          top_out = False
          hbond {
            donor = None
            acceptor = None
          }
        }
      }
      nucleic_acid {
        enabled = True
        hbond_distance_cutoff = 3.4
        angle_between_bond_and_nucleobase_cutoff = 35.0
        base_pair {
          enabled = True
          base1 = None
          base2 = None
          saenger_class = 0
          restrain_planarity = False
          planarity_sigma = 0.176
          restrain_hbonds = True
          restrain_hb_angles = True
          restrain_parallelity = True
          parallelity_target = 0
          parallelity_sigma = 0.0335
        }
        stacking_pair {
          enabled = True
          base1 = None
          base2 = None
          angle = 0
          sigma = 0.027
        }
      }
      ss_by_chain = True
      max_rmsd = 1
      use_representative_chains = True
      max_representative_chains = 100
      enabled = False
    }
    c_beta_restraints = True
    reference_coordinate_restraints {
      enabled = False
      exclude_outliers = True
      selection = all
      sigma = 0.2
      limit = 1.0
      top_out = False
    }
    automatic_linking {
      link_all = False
      link_none = False
      link_metals = False
      link_residues = False
      link_amino_acid_rna_dna = False
      link_carbohydrates = True
      link_ligands = True
      link_small_molecules = False
      metal_coordination_cutoff = 3.5
      amino_acid_bond_cutoff = 1.9
      inter_residue_bond_cutoff = 2.2
      buffer_for_second_row_elements = 0.5
      carbohydrate_bond_cutoff = 1.99
      ligand_bond_cutoff = 1.99
      small_molecule_bond_cutoff = 1.98
    }
    include_in_automatic_linking {
      selection_1 = None
      selection_2 = None
      bond_cutoff = 4.5
    }
    exclude_from_automatic_linking {
      selection_1 = None
      selection_2 = None
    }
    use_neutron_distances = False
    apply_cis_trans_specification {
      cis_trans_mod = cis *trans
      residue_selection = None
    }
    apply_cif_restraints {
      restraints_file_name = None
      residue_selection = None
    }
    apply_cif_modification {
      data_mod = None
      residue_selection = None
    }
    apply_cif_link {
      data_link = None
      residue_selection_1 = None
      residue_selection_2 = None
    }
    disulfide_bond_exclusions_selection_string = None
    exclusion_distance_cutoff = 3
    link_distance_cutoff = 3
    disulfide_distance_cutoff = 3
    add_angle_and_dihedral_restraints_for_disulfides = True
    dihedral_function_type = *determined_by_sign_of_periodicity \
                             all_sinusoidal all_harmonic
    chir_volume_esd = 0.2
    peptide_link {
      ramachandran_restraints = False
      cis_threshold = 45
      apply_all_trans = False
      discard_omega = False
      discard_psi_phi = True
      apply_peptide_plane = False
      omega_esd_override_value = None
      rama_weight = 1.0
      scale_allowed = 1.0
      rama_potential = *oldfield emsley
      oldfield {
        esd = 10.0
        weight_scale = 1.0
        dist_weight_max = 10.0
        weight = None
        plot_cutoff = 0.027
      }
      rama_selection = None
      rama_exclude_sec_str = False
    }
    max_reasonable_bond_distance = 50.0
    nonbonded_distance_cutoff = None
    default_vdw_distance = 1
    min_vdw_distance = 1
    nonbonded_buffer = 1
    nonbonded_weight = None
    const_shrink_donor_acceptor = 0.6
    vdw_1_4_factor = 0.8
    min_distance_sym_equiv = 0.5
    custom_nonbonded_symmetry_exclusions = None
    translate_cns_dna_rna_residue_names = None
    proceed_with_excessive_length_bonds = False
    rna_sugar_pucker_analysis {
      bond_min_distance = 1.2
      bond_max_distance = 1.8
      epsilon_range_min = 155.0
      epsilon_range_max = 310.0
      delta_range_2p_min = 129.0
      delta_range_2p_max = 162.0
      delta_range_3p_min = 65.0
      delta_range_3p_max = 104.0
      p_distance_c1p_outbound_line_2p_max = 2.9
      o3p_distance_c1p_outbound_line_2p_max = 2.4
      bond_detection_distance_tolerance = 0.5
    }
    show_histogram_slots {
      bond_lengths = 5
      nonbonded_interaction_distances = 5
      bond_angle_deviations_from_ideal = 5
      dihedral_angle_deviations_from_ideal = 5
      chiral_volume_deviations_from_ideal = 5
    }
    show_max_items {
      not_linked = 5
      bond_restraints_sorted_by_residual = 5
      nonbonded_interactions_sorted_by_model_distance = 5
      bond_angle_restraints_sorted_by_residual = 5
      dihedral_angle_restraints_sorted_by_residual = 3
      chirality_restraints_sorted_by_residual = 3
      planarity_restraints_sorted_by_residual = 3
      residues_with_excluded_nonbonded_symmetry_interactions = 12
      fatal_problem_max_lines = 10
    }
    ncs_group {
      reference = None
      selection = None
    }
    ncs_search {
      enabled = False
      exclude_selection = "element H or element D or water"
      chain_similarity_threshold = 0.85
      chain_max_rmsd = 2.
      residue_match_radius = 4.0
      try_shortcuts = False
      minimum_number_of_atoms_in_copy = 3
    }
    clash_guard {
      nonbonded_distance_threshold = 0.5
      max_number_of_distances_below_threshold = 100
      max_fraction_of_distances_below_threshold = 0.1
    }
  }
  geometry_restraints {
    edits {
      excessive_bond_distance_limit = 10
      bond {
        action = *add delete change
        atom_selection_1 = None
        atom_selection_2 = None
        symmetry_operation = None
        distance_ideal = None
        sigma = None
        slack = None
        limit = -1.0
        top_out = False
      }
      angle {
        action = *add delete change
        atom_selection_1 = None
        atom_selection_2 = None
        atom_selection_3 = None
        angle_ideal = None
        sigma = None
      }
      dihedral {
        action = *add delete change
        atom_selection_1 = None
        atom_selection_2 = None
        atom_selection_3 = None
        atom_selection_4 = None
        angle_ideal = None
        sigma = None
        periodicity = None
      }
      planarity {
        action = *add delete change
        atom_selection = None
        sigma = None
      }
      parallelity {
        action = *add delete change
        atom_selection_1 = None
        atom_selection_2 = None
        sigma = 0.027
        target_angle_deg = 0
      }
    }
    remove {
      angles = None
      dihedrals = None
      chiralities = None
      planarities = None
      parallelities = None
    }
  }
  reference_model {
    enabled = False
    file = None
    use_starting_model_as_reference = False
    sigma = 1.0
    limit = 15.0
    hydrogens = False
    main_chain = True
    side_chain = True
    fix_outliers = True
    strict_rotamer_matching = False
    auto_shutoff_for_ncs = False
    secondary_structure_only = False
    reference_group {
      reference = None
      selection = None
      file_name = None
    }
    search_options {
      exclude_selection = "element H or element D or water"
      chain_similarity_threshold = 0.85
      chain_max_rmsd = 100.
      residue_match_radius = 1000
      try_shortcuts = False
      minimum_number_of_atoms_in_copy = 3
    }
  }
  selection = all
  minimization {
    max_iterations = 500
    macro_cycles = 5
    alternate_nonbonded_off_on = False
    rmsd_bonds_termination_cutoff = 0
    rmsd_angles_termination_cutoff = 0
    grms_termination_cutoff = 0
    correct_special_position_tolerance = 1.0
    riding_h = True
    move {
      bond = True
      nonbonded = True
      angle = True
      dihedral = True
      chirality = True
      planarity = True
      parallelity = True
    }
  }
-------------------------------------------------------------------------------
Processing inputs
*****************
  Monomer Library directory:
    "/home/wangwensong/phenix-1.14-3260/modules/chem_data/mon_lib"
  Total number of atoms: 2318
  Number of models: 1
  Model: ""
    Number of chains: 2
    Chain: "A"
      Number of atoms: 2261
      Number of conformers: 1
      Conformer: ""
        Number of residues, atoms: 289, 2261
          Classifications: {'peptide': 289}
          Link IDs: {'PTRANS': 16, 'TRANS': 271, 'PCIS': 1}
          Chain breaks: 2
    Chain: "A"
      Number of atoms: 57
      Number of conformers: 1
      Conformer: ""
        Number of residues, atoms: 3, 32
          Unknown residues: {'V04': 1}
          Unusual residues: {' MG': 1, 'ATP': 1}
          Classifications: {'undetermined': 2}
          Link IDs: {None: 1}
          Chain breaks: 1
  Number of atoms with unknown nonbonded energy type symbols: 25
    "HETATM 2262  C1  V04 A 501 .*.     C  "
    "HETATM 2263  C10 V04 A 501 .*.     C  "
    "HETATM 2264  C11 V04 A 501 .*.     C  "
    "HETATM 2265  C12 V04 A 501 .*.     C  "
    "HETATM 2266  C13 V04 A 501 .*.     C  "
    "HETATM 2267  C14 V04 A 501 .*.     C  "
    "HETATM 2268  C15 V04 A 501 .*.     C  "
    "HETATM 2269  C16 V04 A 501 .*.     C  "
    "HETATM 2270  C2  V04 A 501 .*.     C  "
    "HETATM 2271  C3  V04 A 501 .*.     C  "
    ... (remaining 15 not shown)
  Time building chain proxies: 0.51, per 1000 atoms: 0.22
  Number of scatterers: 2318
  At special positions: 0
  Unit cell: (82.113, 82.113, 129.303, 90, 90, 120)
  Space group: P 62 (No. 171)
  Number of sites at special positions: 0
  Number of scattering types: 8
    Type Number    sf(0)
     I       1     52.95
     S      17     16.00
     P       3     15.00
     Mg      1     11.99
     F       1      9.00
     O     431      8.00
     N     390      7.00
     C    1474      6.00
    sf(0) = scattering factor at diffraction angle 0.
